<?xml version="1.0" encoding="UTF-8"?>
<!-- Generated by org.testng.reporters.JUnitReportReporter -->
<testsuite hostname="DESKTOP-6G099OB" failures="0" tests="1" name="practice.CreateProduct" time="0.019" errors="0" timestamp="2022-01-18T12:38:56 IST" skipped="0">
  <testcase classname="practice.CreateProduct" name="org" time="0.019"/>
  <system-out/>
</testsuite> <!-- practice.CreateProduct -->
