<?xml version="1.0" encoding="UTF-8"?>
<!-- Generated by org.testng.reporters.JUnitReportReporter -->
<testsuite hostname="DESKTOP-6G099OB" failures="0" tests="1" name="productTest.SearchProductByAlphabetSearchTest" time="15.033" errors="0" timestamp="2022-01-20T01:30:06 IST" skipped="0">
  <testcase classname="productTest.SearchProductByAlphabetSearchTest" name="searchProductByAlphabetsearchTest" time="15.033"/>
  <system-out/>
</testsuite> <!-- productTest.SearchProductByAlphabetSearchTest -->
