<?xml version="1.0" encoding="UTF-8"?>
<!-- Generated by org.testng.reporters.JUnitReportReporter -->
<testsuite hostname="DESKTOP-6G099OB" failures="0" tests="1" name="productTest.EditTheDetailsOfTheProductByMassEdit" time="42.211" errors="0" timestamp="2022-01-18T00:17:34 IST" skipped="0">
  <testcase classname="productTest.EditTheDetailsOfTheProductByMassEdit" name="EdittheDetailsofProductbyMassEdit" time="42.211"/>
  <system-out/>
</testsuite> <!-- productTest.EditTheDetailsOfTheProductByMassEdit -->
